2015/10/18 00:42:08 [error] [exception.CHttpException.404] exception 'CHttpException' with message 'Unable to resolve the request "gii".' in C:\server\home\yii.ok\www\framework\web\CWebApplication.php:286
Stack trace:
#0 C:\server\home\yii.ok\www\framework\web\CWebApplication.php(141): CWebApplication->runController('gii')
#1 C:\server\home\yii.ok\www\framework\base\CApplication.php(184): CWebApplication->processRequest()
#2 Z:\home\yii.ok\www\index.php(13): CApplication->run()
#3 {main}
REQUEST_URI=/index.php?r=gii
---
2015/10/18 00:42:25 [error] [exception.CHttpException.404] exception 'CHttpException' with message 'The system is unable to find the requested action "gii".' in C:\server\home\yii.ok\www\framework\web\CController.php:483
Stack trace:
#0 C:\server\home\yii.ok\www\framework\web\CController.php(270): CController->missingAction('gii')
#1 C:\server\home\yii.ok\www\framework\web\CWebApplication.php(282): CController->run('gii')
#2 C:\server\home\yii.ok\www\framework\web\CWebApplication.php(141): CWebApplication->runController('site/gii')
#3 C:\server\home\yii.ok\www\framework\base\CApplication.php(184): CWebApplication->processRequest()
#4 Z:\home\yii.ok\www\index.php(13): CApplication->run()
#5 {main}
REQUEST_URI=/index.php?r=site/gii
---
2015/10/18 00:57:54 [error] [exception.CHttpException.404] exception 'CHttpException' with message 'Unable to resolve the request "gii".' in C:\server\home\yii.ok\www\framework\web\CWebApplication.php:286
Stack trace:
#0 C:\server\home\yii.ok\www\framework\web\CWebApplication.php(141): CWebApplication->runController('gii')
#1 C:\server\home\yii.ok\www\framework\base\CApplication.php(184): CWebApplication->processRequest()
#2 Z:\home\yii.ok\www\index.php(13): CApplication->run()
#3 {main}
REQUEST_URI=/index.php?r=gii
---
